Build started 4/14/2014 11:12:03 PM.
     1>Project "C:\Users\Mauricio\Documents\GitHub\SurviveGame\Survive\Survive.vcxproj" on node 2 (build target(s)).
     1>InitializeBuildStatus:
         Creating "Debug\Survive.unsuccessfulbuild" because "AlwaysCreate" was specified.
       ClCompile:
         C:\Program Files (x86)\Microsoft Visual Studio 10.0\VC\bin\CL.exe /c /I"C:\SFML-2.0\include" /ZI /nologo /W3 /WX- /Od /Oy- /D WIN32 /D _DEBUG /D _CONSOLE /D _UNICODE /D UNICODE /Gm /EHsc /RTC1 /MDd /GS /fp:precise /Zc:wchar_t /Zc:forScope /Fo"Debug\\" /Fd"Debug\vc100.pdb" /Gd /TP /analyze- /errorReport:prompt main.cpp
         main.cpp
       ManifestResourceCompile:
         All outputs are up-to-date.
       Link:
         C:\Program Files (x86)\Microsoft Visual Studio 10.0\VC\bin\link.exe /ERRORREPORT:PROMPT /OUT:"C:\Users\Mauricio\Documents\GitHub\SurviveGame\Survive\Debug\Survive.exe" /INCREMENTAL /NOLOGO /LIBPATH:"C:\SFML-2.0\lib" "sfml-graphics.lib" "sfml-window.lib" "sfml-system.lib" kernel32.lib user32.lib gdi32.lib winspool.lib comdlg32.lib advapi32.lib shell32.lib ole32.lib oleaut32.lib uuid.lib odbc32.lib odbccp32.lib kernel32.lib user32.lib gdi32.lib winspool.lib comdlg32.lib advapi32.lib shell32.lib ole32.lib oleaut32.lib uuid.lib odbc32.lib odbccp32.lib /MANIFEST /ManifestFile:"Debug\Survive.exe.intermediate.manifest" /MANIFESTUAC:"level='asInvoker' uiAccess='false'" /DEBUG /PDB:"C:\Users\Mauricio\Documents\GitHub\SurviveGame\Survive\Debug\Survive.pdb" /SUBSYSTEM:CONSOLE /TLBID:1 /DYNAMICBASE /NXCOMPAT /IMPLIB:"C:\Users\Mauricio\Documents\GitHub\SurviveGame\Survive\Debug\Survive.lib" /MACHINE:X86 Debug\Survive.exe.embed.manifest.res
         Debug\main.obj
       Manifest:
         C:\Program Files (x86)\Microsoft SDKs\Windows\v7.0A\bin\mt.exe /nologo /verbose /out:"Debug\Survive.exe.embed.manifest" /manifest Debug\Survive.exe.intermediate.manifest
         All outputs are up-to-date.
       LinkEmbedManifest:
         All outputs are up-to-date.
         Survive.vcxproj -> C:\Users\Mauricio\Documents\GitHub\SurviveGame\Survive\Debug\Survive.exe
       FinalizeBuildStatus:
         Deleting file "Debug\Survive.unsuccessfulbuild".
         Touching "Debug\Survive.lastbuildstate".
     1>Done Building Project "C:\Users\Mauricio\Documents\GitHub\SurviveGame\Survive\Survive.vcxproj" (build target(s)).

Build succeeded.

Time Elapsed 00:00:01.00
