Build started 5/19/2014 12:33:38 AM.
     1>Project "C:\Users\Mauricio\Documents\GitHub\SurviveGame\Survive\Survive.vcxproj" on node 2 (build target(s)).
     1>InitializeBuildStatus:
         Touching "Release\Survive.unsuccessfulbuild".
       ClCompile:
         C:\Program Files (x86)\Microsoft Visual Studio 10.0\VC\bin\CL.exe /c /I"C:\SFML-2.0\include" /Zi /nologo /W3 /WX- /O2 /Oi /Oy- /GL /D WIN32 /D NDEBUG /D _CONSOLE /D _UNICODE /D UNICODE /Gm- /EHsc /MD /GS /Gy /fp:precise /Zc:wchar_t /Zc:forScope /Fo"Release\\" /Fd"Release\vc100.pdb" /Gd /TP /analyze- /errorReport:prompt main.cpp
         main.cpp
     1>main.cpp(27): error C2040: 'POWER_UP' : 'sf::RectangleShape' differs in levels of indirection from 'bool [3]'
     1>main.cpp(58): warning C4244: 'argument' : conversion from 'int' to 'float', possible loss of data
     1>main.cpp(58): warning C4244: 'argument' : conversion from 'int' to 'float', possible loss of data
     1>main.cpp(106): warning C4244: 'argument' : conversion from 'time_t' to 'unsigned int', possible loss of data
     1>main.cpp(129): warning C4244: 'argument' : conversion from 'int' to 'float', possible loss of data
     1>main.cpp(129): warning C4244: 'argument' : conversion from 'int' to 'float', possible loss of data
     1>main.cpp(134): warning C4244: 'argument' : conversion from 'int' to 'float', possible loss of data
     1>main.cpp(137): warning C4244: 'argument' : conversion from 'int' to 'float', possible loss of data
     1>main.cpp(141): warning C4244: 'argument' : conversion from 'int' to 'float', possible loss of data
     1>main.cpp(194): warning C4244: 'argument' : conversion from 'int' to 'float', possible loss of data
     1>main.cpp(194): warning C4244: 'argument' : conversion from 'int' to 'float', possible loss of data
     1>main.cpp(206): warning C4244: 'argument' : conversion from 'int' to 'float', possible loss of data
     1>Done Building Project "C:\Users\Mauricio\Documents\GitHub\SurviveGame\Survive\Survive.vcxproj" (build target(s)) -- FAILED.

Build FAILED.

Time Elapsed 00:00:00.40
